<?xml version="1.0" encoding="UTF-8" ?>
<testsuite tests="1" failures="0" name="HelloTest" time="0.003" errors="0" skipped="0">
  <properties>
    <property name="idea.version" value="2020.3.3"/>
    <property name="java.runtime.name" value="Java(TM) SE Runtime Environment"/>
    <property name="java.vm.version" value="15.0.2+7-27"/>
    <property name="sun.boot.library.path" value="E:\JDK15.0.2\bin"/>
    <property name="maven.multiModuleProjectDirectory" value="E:\IdeaProjects\MavenTest"/>
    <property name="java.vm.vendor" value="Oracle Corporation"/>
    <property name="java.vendor.url" value="https://java.oracle.com/"/>
    <property name="guice.disable.misplaced.annotation.check" value="true"/>
    <property name="path.separator" value=";"/>
    <property name="java.vm.name" value="Java HotSpot(TM) 64-Bit Server VM"/>
    <property name="sun.os.patch.level" value=""/>
    <property name="user.script" value=""/>
    <property name="user.country" value="CN"/>
    <property name="sun.java.launcher" value="SUN_STANDARD"/>
    <property name="java.vm.specification.name" value="Java Virtual Machine Specification"/>
    <property name="user.dir" value="E:\IdeaProjects\MavenTest"/>
    <property name="java.vm.compressedOopsMode" value="32-bit"/>
    <property name="java.runtime.version" value="15.0.2+7-27"/>
    <property name="os.arch" value="amd64"/>
    <property name="java.io.tmpdir" value="C:\Users\X\AppData\Local\Temp\"/>
    <property name="line.separator" value="
"/>
    <property name="java.vm.specification.vendor" value="Oracle Corporation"/>
    <property name="user.variant" value=""/>
    <property name="os.name" value="Windows 10"/>
    <property name="maven.ext.class.path" value="E:\Software_Install\IntelliJ IDEA 2020.3.3\plugins\maven\lib\maven-event-listener.jar"/>
    <property name="classworlds.conf" value="E:\Software_Install\apache-maven-3.6.3\bin\m2.conf"/>
    <property name="sun.jnu.encoding" value="GBK"/>
    <property name="java.library.path" value="E:\JDK15.0.2\bin;C:\WINDOWS\Sun\Java\bin;C:\WINDOWS\system32;C:\WINDOWS;C:\Program Files\NVIDIA GPU Computing Toolkit\CUDA\v11.1\bin;C:\Program Files\NVIDIA GPU Computing Toolkit\CUDA\v11.1\libnvvp;C:\Program Files\Microsoft MPI\Bin\;E:\CTex\UserData\miktex\bin;E:\CTex\MiKTeX\miktex\bin;E:\CTex\CTeX\ctex\bin;E:\CTex\CTeX\cct\bin;E:\CTex\CTeX\ty\bin;E:\CTex\Ghostscript\gs9.05\bin;E:\CTex\GSview\gsview;E:\CTex\WinEdt;C:\Windows\System32;C:\Windows;C:\Windows\System32\Wbem;C:\Windows\System32\WindowsPowerShell\v1.0;C:\Program Files (x86)\NVIDIA Corporation\PhysX\Common;E:\PY\miniconda3\envs\py3.8;C:\Program Files\NVIDIA Corporation\NVIDIA NvDLISR;E:\Program Files (x86)\IncrediBuild;E:\PY\python-2.7.15.msi.install;E:\Cocos\android-ndk-r10;E:\Cocos\android-sdk-windows;E:\Cocos\apache-ant-1.9.14;E:\Cocos\cocos2d-x-3.17.2;E:\Mysql\mysql-8.0.18-winx64\bin;E:\WinSCP\WinSCP\;C:\WINDOWS\system32;C:\WINDOWS;C:\WINDOWS\System32\Wbem;C:\WINDOWS\System32\WindowsPowerShell\v1.0\;C:\WINDOWS\System32\OpenSSH\;%MYSQL_E:\git base\learngit\bin;D:\Program Files (x86)\Microsoft SQL Server\130\Tools\Binn\;C:\Program Files\Microsoft SQL Server\130\Tools\Binn\;D:\Program Files (x86)\Microsoft SQL Server\130\DTS\Binn\;C:\Program Files\Microsoft SQL Server\130\DTS\Binn\;C:\Program Files\Microsoft SQL Server\Client SDK\ODBC\130\Tools\Binn\;D:\Program Files (x86)\Microsoft SQL Server\150\DTS\Binn\;E:\Git\cmd;E:\PY\python3.7install\;E:\PY\python3.7install\Scripts;E:\Python27\Scripts;E:\Python27;E:\MASM;E:\PY\graphviz-2.38\bin;D:\Program Files (x86)\Graphviz\bin;C:\Program Files\Microsoft SQL Server\120\Tools\Binn\;E:\JDK15.0.2\bin;E:\Android\AndroidSDK\build-tools\30.0.0-rc2;E:\Android\AndroidSDK\emulator;E:\Android\AndroidSDK\platform-tools;E:\Program Files\MySQL\MySQL Server 5.5\bin;C:\Program Files\NVIDIA Corporation\Nsight Compute 2020.2.0\;E:\JDK15.0.2;;C:\WINDOWS\system32;C:\WINDOWS;C:\WINDOWS\System32\Wbem;C:\WINDOWS\System32\WindowsPowerShell\v1.0\;C:\WINDOWS\System32\OpenSSH\;E:\PY\miniconda3;E:\PY\miniconda3\Library\mingw-w64\bin;E:\PY\miniconda3\Library\usr\bin;E:\PY\miniconda3\Library\bin;E:\PY\miniconda3\Scripts;E:\Cocos\cocos2d-x-3.17.2\templates;E:\Cocos\cocos2d-x-3.17.2\tools\cocos2d-console\bin;C:\Users\X\AppData\Local\Microsoft\WindowsApps;E:\JDK14\bin;E:\PY\python3.7install\Scripts\;E:\PY\python3.7install\;E:\Python27\Scripts;E:\Python27;E:\MASM;E:\PyCharm 2019.3.3\bin;;E:\IntelliJ IDEA 2020.2.3\bin;;E:\Software_Install\texlive\texlive\2020\bin\win32;;."/>
    <property name="maven.conf" value="E:\Software_Install\apache-maven-3.6.3/conf"/>
    <property name="jdk.debug" value="release"/>
    <property name="java.class.version" value="59.0"/>
    <property name="java.specification.name" value="Java Platform API Specification"/>
    <property name="sun.management.compiler" value="HotSpot 64-Bit Tiered Compilers"/>
    <property name="os.version" value="10.0"/>
    <property name="user.home" value="C:\Users\X"/>
    <property name="user.timezone" value="Asia/Hong_Kong"/>
    <property name="file.encoding" value="UTF-8"/>
    <property name="java.specification.version" value="15"/>
    <property name="user.name" value="X"/>
    <property name="java.class.path" value="E:\Software_Install\apache-maven-3.6.3\boot\plexus-classworlds-2.6.0.jar;E:\Software_Install\apache-maven-3.6.3\boot\plexus-classworlds.license"/>
    <property name="java.vm.specification.version" value="15"/>
    <property name="sun.arch.data.model" value="64"/>
    <property name="sun.java.command" value="org.codehaus.classworlds.Launcher -Didea.version=2020.3.3 -s E:\Software_Install\apache-maven-3.6.3\conf\settings.xml install"/>
    <property name="java.home" value="E:\JDK15.0.2"/>
    <property name="user.language" value="zh"/>
    <property name="java.specification.vendor" value="Oracle Corporation"/>
    <property name="java.vm.info" value="mixed mode, sharing"/>
    <property name="java.version" value="15.0.2"/>
    <property name="java.vendor" value="Oracle Corporation"/>
    <property name="maven.home" value="E:\Software_Install\apache-maven-3.6.3"/>
    <property name="file.separator" value="\"/>
    <property name="java.version.date" value="2021-01-19"/>
    <property name="java.vendor.url.bug" value="https://bugreport.java.com/bugreport/"/>
    <property name="sun.io.unicode.encoding" value="UnicodeLittle"/>
    <property name="sun.cpu.endian" value="little"/>
    <property name="sun.cpu.isalist" value="amd64"/>
  </properties>
  <testcase classname="HelloTest" name="testHello" time="0.003"/>
</testsuite>